imojisdk/build/outputs/mapping/debug/seeds.txt
com.imojiapp.imoji.sdk.ImojiOutline
com.imojiapp.imoji.sdk.ImojiOutline: int ALIGN_TO
com.imojiapp.imoji.sdk.ImojiOutline: android.graphics.Bitmap outBitmap
com.imojiapp.imoji.sdk.ImojiOutline: android.content.Context context
com.imojiapp.imoji.sdk.ImojiOutline: android.graphics.Bitmap sourceBitmap
com.imojiapp.imoji.sdk.ImojiOutline: int color
com.imojiapp.imoji.sdk.ImojiOutline: com.imojiapp.imoji.sdk.ImojiOutline$OutlineOptions options
com.imojiapp.imoji.sdk.ImojiOutline: android.graphics.Bitmap tempBitmap
com.imojiapp.imoji.sdk.ImojiOutline: ImojiOutline(android.content.Context,android.graphics.Bitmap,com.imojiapp.imoji.sdk.ImojiOutline$OutlineOptions)
com.imojiapp.imoji.sdk.ImojiOutline: android.graphics.Bitmap render()
com.imojiapp.imoji.sdk.ImojiOutline$OutlineOptions
com.imojiapp.imoji.sdk.ImojiOutline$OutlineOptions: int color
com.imojiapp.imoji.sdk.ImojiOutline$OutlineOptions: int outlineRadius
com.imojiapp.imoji.sdk.ImojiOutline$OutlineOptions: int shadowRadius
com.imojiapp.imoji.sdk.ImojiOutline$OutlineOptions: int shadowOffsetX
com.imojiapp.imoji.sdk.ImojiOutline$OutlineOptions: int shadowOffsetY
com.imojiapp.imoji.sdk.ImojiOutline$OutlineOptions: int shadowColor
com.imojiapp.imoji.sdk.ImojiOutline$OutlineOptions: ImojiOutline$OutlineOptions()
com.imojiapp.imoji.sdk.ImojiOutline$OutlineOptions: java.lang.String toString()
com.imojiapp.imoji.sdk.OutlineTransformation
com.imojiapp.imoji.sdk.OutlineTransformation: com.imojiapp.imoji.sdk.ImojiOutline$OutlineOptions mOptions
com.imojiapp.imoji.sdk.OutlineTransformation: android.content.Context mContext
com.imojiapp.imoji.sdk.OutlineTransformation: OutlineTransformation(android.content.Context,com.imojiapp.imoji.sdk.ImojiOutline$OutlineOptions)
com.imojiapp.imoji.sdk.OutlineTransformation: android.graphics.Bitmap transform(android.graphics.Bitmap)
com.imojiapp.imoji.sdk.OutlineTransformation: java.lang.String key()
com.imojiapp.imoji.sdk.networking.responses.BasicResponse
com.imojiapp.imoji.sdk.networking.responses.BasicResponse: java.lang.String status
com.imojiapp.imoji.sdk.networking.responses.BasicResponse: java.lang.Object mCallerPayload
com.imojiapp.imoji.sdk.networking.responses.BasicResponse: BasicResponse()
com.imojiapp.imoji.sdk.networking.responses.BasicResponse: boolean isSuccess()
com.imojiapp.imoji.sdk.networking.responses.BasicResponse$Status
com.imojiapp.imoji.sdk.networking.responses.BasicResponse$Status: java.lang.String SUCCESS
com.imojiapp.imoji.sdk.networking.responses.BasicResponse$Status: java.lang.String ERROR_UPDATE
com.imojiapp.imoji.sdk.networking.responses.BasicResponse$Status: java.lang.String ERROR_INSERTION
com.imojiapp.imoji.sdk.networking.responses.BasicResponse$Status: java.lang.String ERROR_DELETION
com.imojiapp.imoji.sdk.networking.responses.BasicResponse$Status: java.lang.String INTERNAL_ERROR
com.imojiapp.imoji.sdk.networking.responses.BasicResponse$Status: java.lang.String INVALID_LOGIN
com.imojiapp.imoji.sdk.networking.responses.BasicResponse$Status: java.lang.String USER_EXISTS
com.imojiapp.imoji.sdk.networking.responses.BasicResponse$Status: java.lang.String EMAIL_IN_USE
com.imojiapp.imoji.sdk.networking.responses.BasicResponse$Status: java.lang.String USER_NAME_IN_USE
com.imojiapp.imoji.sdk.networking.responses.BasicResponse$Status: java.lang.String USER_ID_MISSING
com.imojiapp.imoji.sdk.networking.responses.BasicResponse$Status: java.lang.String PASSWORD_MISSING
com.imojiapp.imoji.sdk.networking.responses.BasicResponse$Status: java.lang.String EMAIL_MISSING
com.imojiapp.imoji.sdk.networking.responses.BasicResponse$Status: java.lang.String AGE_MISSING
com.imojiapp.imoji.sdk.networking.responses.BasicResponse$Status: java.lang.String EXTERNAL_ID_MISSING
com.imojiapp.imoji.sdk.networking.responses.FetchImojisResponse
com.imojiapp.imoji.sdk.networking.responses.FetchImojisResponse: java.util.LinkedHashMap results
com.imojiapp.imoji.sdk.networking.responses.FetchImojisResponse: FetchImojisResponse()