imojisdk/build/outputs/mapping/debug/mapping.txt
com.imojiapp.imoji.sdk.Callback -> com.imojiapp.imoji.sdk.Callback:
    void onSuccess(java.lang.Object) -> onSuccess
    void onFailure() -> onFailure
com.imojiapp.imoji.sdk.Config -> com.imojiapp.imoji.sdk.Config:
    java.lang.String BASE_URL -> BASE_URL
com.imojiapp.imoji.sdk.Imoji -> com.imojiapp.imoji.sdk.Imoji:
    java.lang.String parentId -> parentId
    java.lang.String imojiId -> imojiId
    java.util.ArrayList tags -> tags
    java.lang.String thumbImageUrl -> thumbImageUrl
    java.lang.String url -> url
    java.lang.String webpThumbImageUrl -> webpThumbImageUrl
    java.lang.String webpFullImageUrl -> webpFullImageUrl
    java.lang.String getImojiId() -> getImojiId
    java.util.ArrayList getTags() -> getTags
    java.lang.String getThumbImageUrl() -> getThumbImageUrl
    java.lang.String getUrl() -> getUrl
    java.lang.String getWebpThumbImageUrl() -> getWebpThumbImageUrl
    java.lang.String getWebpFullImageUrl() -> getWebpFullImageUrl
com.imojiapp.imoji.sdk.ImojiApi -> com.imojiapp.imoji.sdk.ImojiApi:
    int DEFAULT_OFFSET -> DEFAULT_OFFSET
    int DEFAULT_RESULTS -> DEFAULT_RESULTS
    java.lang.String PREF_FILE -> PREF_FILE
    java.lang.String API_KEY_PROPERTY -> API_KEY_PROPERTY
    com.imojiapp.imoji.sdk.ImojiApi sInstance -> sInstance
    int mDefaultNumResults -> mDefaultNumResults
    android.content.Context mContext -> mContext
    java.util.List getFeatured(int,int) -> getFeatured
    java.util.List getFeatured() -> getFeatured
    java.util.List search(java.lang.String) -> search
    java.util.List search(java.lang.String,int,int) -> search
    void getFeatured(int,int,com.imojiapp.imoji.sdk.Callback) -> getFeatured
    void getFeatured(com.imojiapp.imoji.sdk.Callback) -> getFeatured
    void search(java.lang.String,com.imojiapp.imoji.sdk.Callback) -> search
    void search(java.lang.String,int,int,com.imojiapp.imoji.sdk.Callback) -> search
    java.util.List getImojiCategories() -> getImojiCategories
    void getImojiCategories(com.imojiapp.imoji.sdk.Callback) -> getImojiCategories
    com.squareup.picasso.RequestCreator loadThumb(com.imojiapp.imoji.sdk.Imoji,com.imojiapp.imoji.sdk.ImojiOutline$OutlineOptions) -> loadThumb
    com.squareup.picasso.RequestCreator loadFull(com.imojiapp.imoji.sdk.Imoji,com.imojiapp.imoji.sdk.ImojiOutline$OutlineOptions) -> loadFull
    void init(android.content.Context,java.lang.String) -> init
    void setInstance(com.imojiapp.imoji.sdk.ImojiApi) -> setInstance
com.imojiapp.imoji.sdk.ImojiApi$Builder -> com.imojiapp.imoji.sdk.ImojiApi$Builder:
    com.imojiapp.imoji.sdk.ImojiApi mApi -> mApi
    com.imojiapp.imoji.sdk.ImojiApi$Builder numResults(int) -> numResults
    com.imojiapp.imoji.sdk.ImojiApi build() -> build
com.imojiapp.imoji.sdk.ImojiApi$ImojiApiImpl -> com.imojiapp.imoji.sdk.ImojiApi$ImojiApiImpl:
    java.lang.String mApiToken -> mApiToken
    java.util.List getFeatured(int,int) -> getFeatured
    java.util.List getFeatured() -> getFeatured
    java.util.List search(java.lang.String) -> search
    java.util.List search(java.lang.String,int,int) -> search
    void getFeatured(int,int,com.imojiapp.imoji.sdk.Callback) -> getFeatured
    void getFeatured(com.imojiapp.imoji.sdk.Callback) -> getFeatured
    void search(java.lang.String,com.imojiapp.imoji.sdk.Callback) -> search
    void search(java.lang.String,int,int,com.imojiapp.imoji.sdk.Callback) -> search
    void getImojiCategories(com.imojiapp.imoji.sdk.Callback) -> getImojiCategories
    java.util.List getImojiCategories() -> getImojiCategories
    com.squareup.picasso.RequestCreator loadThumb(com.imojiapp.imoji.sdk.Imoji,com.imojiapp.imoji.sdk.ImojiOutline$OutlineOptions) -> loadThumb
    com.squareup.picasso.RequestCreator loadFull(com.imojiapp.imoji.sdk.Imoji,com.imojiapp.imoji.sdk.ImojiOutline$OutlineOptions) -> loadFull