imojisdk/build/outputs/mapping/debug/usage.txt
com.imojiapp.imoji.imojisdk.BuildConfig
...
com.imojiapp.imoji.renderscript.NativeOutline:
    8:8:public NativeOutline()